Started by user unknown or anonymous
 > git rev-parse --is-inside-work-tree # timeout=10
Setting origin to https://github.com/buddhikasj/test.git
 > git config remote.origin.url https://github.com/buddhikasj/test.git # timeout=10
Fetching origin...
Fetching upstream changes from origin
 > git --version # timeout=10
 > git config --get remote.origin.url # timeout=10
using GIT_ASKPASS to set credentials 
 > git fetch --tags --progress -- origin +refs/heads/*:refs/remotes/origin/* # timeout=10
Seen branch in repository origin/master
Seen 1 remote branch
Obtained Jenkinsfile from af3bcece0bc65ffd1e44635ab53cc53caa10c0a1
Running in Durability level: MAX_SURVIVABILITY
org.codehaus.groovy.control.MultipleCompilationErrorsException: startup failed:
WorkflowScript: 30: Only "agent none", "agent any" or "agent {...}" are allowed. @ line 30, column 13.
               agent node
               ^

WorkflowScript: 30: No agent type specified. Must be one of [any, docker, dockerfile, label, none] @ line 30, column 13.
               agent node
               ^

WorkflowScript: 32: Missing required parameter: "repository" @ line 32, column 17.
                   twistlockScan ca: '', cert: '', compliancePolicy: 'critical', containerized: false, dockerAddress: 'unix:///var/run/docker.sock', gracePeriodDays: 3, ignoreImageBuildTime: false, image: 'buddhikasj88/contrast:${env.BUILD_ID}', key: '', logLevel: 'true', policy: 'critical', requirePackageUpdate: true, timeout: 10
                   ^

WorkflowScript: 32: Missing required parameter: "tag" @ line 32, column 17.
                   twistlockScan ca: '', cert: '', compliancePolicy: 'critical', containerized: false, dockerAddress: 'unix:///var/run/docker.sock', gracePeriodDays: 3, ignoreImageBuildTime: false, image: 'buddhikasj88/contrast:${env.BUILD_ID}', key: '', logLevel: 'true', policy: 'critical', requirePackageUpdate: true, timeout: 10
                   ^

4 errors

	at org.codehaus.groovy.control.ErrorCollector.failIfErrors(ErrorCollector.java:310)
	at org.codehaus.groovy.control.CompilationUnit.applyToPrimaryClassNodes(CompilationUnit.java:1085)
	at org.codehaus.groovy.control.CompilationUnit.doPhaseOperation(CompilationUnit.java:603)
	at org.codehaus.groovy.control.CompilationUnit.processPhaseOperations(CompilationUnit.java:581)
	at org.codehaus.groovy.control.CompilationUnit.compile(CompilationUnit.java:558)
	at groovy.lang.GroovyClassLoader.doParseClass(GroovyClassLoader.java:298)
	at groovy.lang.GroovyClassLoader.parseClass(GroovyClassLoader.java:268)
	at groovy.lang.GroovyShell.parseClass(GroovyShell.java:688)
	at groovy.lang.GroovyShell.parse(GroovyShell.java:700)
	at org.jenkinsci.plugins.workflow.cps.CpsGroovyShell.doParse(CpsGroovyShell.java:142)
	at org.jenkinsci.plugins.workflow.cps.CpsGroovyShell.reparse(CpsGroovyShell.java:127)
	at org.jenkinsci.plugins.workflow.cps.CpsFlowExecution.parseScript(CpsFlowExecution.java:561)
	at org.jenkinsci.plugins.workflow.cps.CpsFlowExecution.start(CpsFlowExecution.java:522)
	at org.jenkinsci.plugins.workflow.job.WorkflowRun.run(WorkflowRun.java:327)
	at hudson.model.ResourceController.execute(ResourceController.java:97)
	at hudson.model.Executor.run(Executor.java:429)
Finished: FAILURE
