Started by user unknown or anonymous
Running as SYSTEM
Building in workspace /var/jenkins_home/workspace/webgoat_freebuild_
No credentials specified
 > git rev-parse --is-inside-work-tree # timeout=10
Fetching changes from the remote Git repository
 > git config remote.origin.url https://github.com/mitreid-connect/simple-web-app.git # timeout=10
Fetching upstream changes from https://github.com/mitreid-connect/simple-web-app.git
 > git --version # timeout=10
 > git fetch --tags --progress -- https://github.com/mitreid-connect/simple-web-app.git +refs/heads/*:refs/remotes/origin/* # timeout=10
 > git rev-parse refs/remotes/origin/master^{commit} # timeout=10
 > git rev-parse refs/remotes/origin/origin/master^{commit} # timeout=10
Checking out Revision 307db0459367f55df9e8e2e96fb01fda681b2091 (refs/remotes/origin/master)
 > git config core.sparsecheckout # timeout=10
 > git checkout -f 307db0459367f55df9e8e2e96fb01fda681b2091 # timeout=10
Commit message: "Merge pull request #11 from jokimaki/timeout-scanning-annotations"
First time build. Skipping changelog.
[webgoat_freebuild_] $ /bin/sh -xe /tmp/jenkins3752673633887084304.sh
+ cd example
+ mvn clean install
[INFO] Scanning for projects...
[INFO] ------------------------------------------------------------------------
[INFO] BUILD FAILURE
[INFO] ------------------------------------------------------------------------
[INFO] Total time: 0.121 s
[INFO] Finished at: 2019-12-02T14:30:42+00:00
[INFO] Final Memory: 6M/56M
[INFO] ------------------------------------------------------------------------
[ERROR] The goal you specified requires a project to execute but there is no POM in this directory (/var/jenkins_home/workspace/webgoat_freebuild_/example). Please verify you invoked Maven from the correct directory. -> [Help 1]
[ERROR] 
[ERROR] To see the full stack trace of the errors, re-run Maven with the -e switch.
[ERROR] Re-run Maven using the -X switch to enable full debug logging.
[ERROR] 
[ERROR] For more information about the errors and possible solutions, please read the following articles:
[ERROR] [Help 1] http://cwiki.apache.org/confluence/display/MAVEN/MissingProjectException
Build step 'Execute shell' marked build as failure
Finished: FAILURE
